Active-HDL 13.0.375.8320 2026-02-09 11:01:36

Elaboration top modules:
Architecture                  arch_BRC(Brc_First)


----------------------------------------------------------------------------------------------
Entity    | Architecture | Library   | Info | Compiler Version          | Compilation Options
----------------------------------------------------------------------------------------------
Brc_First | arch_BRC     | brc_first |      | 13.0.375.8320 (Windows64) | -O3
----------------------------------------------------------------------------------------------

----------------------------------------------------------------------------------------------
VHDL Package             | Library   | Info | Compiler Version          | Compilation Options
----------------------------------------------------------------------------------------------
standard                 | std       |      |                           | <unavailable>
TEXTIO                   | std       |      | 13.0.375.8320 (Windows64) |  -2019
std_logic_1164           | ieee      |      | 13.0.375.8320 (Windows64) |  -2008
NUMERIC_STD              | ieee      |      | 13.0.375.8320 (Windows64) |  -2008
----------------------------------------------------------------------------------------------

----------------------------------------------------------------------------------------------
Library                  | Comment
----------------------------------------------------------------------------------------------
brc_first                | None
ieee                     | Standard IEEE packages library
std                      | Standard VHDL library
----------------------------------------------------------------------------------------------


Simulation Options: asim -O5 +access +r +m+Brc_First Brc_First arch_BRC

